[    0.000000] Initializing cgroup subsys cpuset
[    0.000000] Initializing cgroup subsys cpu
[    0.000000] Initializing cgroup subsys cpuacct
[    0.000000] Linux version 4.4.0-64-generic (buildd@lgw01-56) (gcc version 5.4.0 20160609 (Ubuntu 5.4.0-6ubuntu1~16.04.4) ) #85-Ubuntu SMP Mon Feb 20 11:50:30 UTC 2017 (Ubuntu 4.4.0-64.85-generic 4.4.44)
[    0.000000] Command line: BOOT_IMAGE=/boot/vmlinuz-4.4.0-64-generic root=LABEL=cloudimg-rootfs ro console=tty1 console=ttyS0
[    0.000000] KERNEL supported cpus:
[    0.000000]   Intel GenuineIntel
[    0.000000]   AMD AuthenticAMD
[    0.000000]   Centaur CentaurHauls
[    0.000000] x86/fpu: xstate_offset[2]:  576, xstate_sizes[2]:  256
[    0.000000] x86/fpu: Supporting XSAVE feature 0x01: 'x87 floating point registers'
[    0.000000] x86/fpu: Supporting XSAVE feature 0x02: 'SSE registers'
[    0.000000] x86/fpu: Supporting XSAVE feature 0x04: 'AVX registers'
[    0.000000] x86/fpu: Enabled xstate features 0x7, context size is 832 bytes, using 'standard' format.
[    0.000000] x86/fpu: Using 'lazy' FPU context switches.
[    0.000000] e820: BIOS-provided physical RAM map:
[    0.000000] BIOS-e820: [mem 0x0000000000000000-0x000000000009fbff] usable
[    0.000000] BIOS-e820: [mem 0x000000000009fc00-0x000000000009ffff] reserved
[    0.000000] BIOS-e820: [mem 0x00000000000f0000-0x00000000000fffff] reserved
[    0.000000] BIOS-e820: [mem 0x0000000000100000-0x000000000ffeffff] usable
[    0.000000] BIOS-e820: [mem 0x000000000fff0000-0x000000000fffffff] ACPI data
[    0.000000] BIOS-e820: [mem 0x00000000fec00000-0x00000000fec00fff] reserved
[    0.000000] BIOS-e820: [mem 0x00000000fee00000-0x00000000fee00fff] reserved
[    0.000000] BIOS-e820: [mem 0x00000000fffc0000-0x00000000ffffffff] reserved
[    0.000000] NX (Execute Disable) protection: active
[    0.000000] SMBIOS 2.5 present.
[    0.000000] Hypervisor detected: KVM
[    0.000000] e820: last_pfn = 0xfff0 max_arch_pfn = 0x400000000
[    0.000000] MTRR: Disabled
[    0.000000] x86/PAT: MTRRs disabled, skipping PAT initialization too.
[    0.000000] x86/PAT: Configuration [0-7]: WB  WT  UC- UC  WB  WT  UC- UC  
[    0.000000] CPU MTRRs all blank - virtualized system.
[    0.000000] found SMP MP-table at [mem 0x0009fff0-0x0009ffff] mapped at [ffff88000009fff0]
[    0.000000] Scanning 1 areas for low memory corruption
[    0.000000] RAMDISK: [mem 0x0ecc5000-0x0f75afff]
[    0.000000] ACPI: Early table checksum verification disabled
[    0.000000] ACPI: RSDP 0x00000000000E0000 000024 (v02 VBOX  )
[    0.000000] ACPI: XSDT 0x000000000FFF0030 00003C (v01 VBOX   VBOXXSDT 00000001 ASL  00000061)
[    0.000000] ACPI: FACP 0x000000000FFF00F0 0000F4 (v04 VBOX   VBOXFACP 00000001 ASL  00000061)
[    0.000000] ACPI: DSDT 0x000000000FFF0470 0021C8 (v02 VBOX   VBOXBIOS 00000002 INTL 20100528)
[    0.000000] ACPI: FACS 0x000000000FFF0200 000040
[    0.000000] ACPI: FACS 0x000000000FFF0200 000040
[    0.000000] ACPI: APIC 0x000000000FFF0240 00005C (v02 VBOX   VBOXAPIC 00000001 ASL  00000061)
[    0.000000] ACPI: SSDT 0x000000000FFF02A0 0001CC (v01 VBOX   VBOXCPUT 00000002 INTL 20100528)
[    0.000000] No NUMA configuration found
[    0.000000] Faking a node at [mem 0x0000000000000000-0x000000000ffeffff]
[    0.000000] NODE_DATA(0) allocated [mem 0x0ffeb000-0x0ffeffff]
[    0.000000] kvm-clock: Using msrs 4b564d01 and 4b564d00
[    0.000000] kvm-clock: cpu 0, msr 0:ffe3001, primary cpu clock
[    0.000000] kvm-clock: using sched offset of 6277753203 cycles
[    0.000000] clocksource: kvm-clock: mask: 0xffffffffffffffff max_cycles: 0x1cd42e4dffb, max_idle_ns: 881590591483 ns
[    0.000000] Zone ranges:
[    0.000000]   DMA      [mem 0x0000000000001000-0x0000000000ffffff]
[    0.000000]   DMA32    [mem 0x0000000001000000-0x000000000ffeffff]
[    0.000000]   Normal   empty
[    0.000000]   Device   empty
[    0.000000] Movable zone start for each node
[    0.000000] Early memory node ranges
[    0.000000]   node   0: [mem 0x0000000000001000-0x000000000009efff]
[    0.000000]   node   0: [mem 0x0000000000100000-0x000000000ffeffff]
[    0.000000] Initmem setup node 0 [mem 0x0000000000001000-0x000000000ffeffff]
[    0.000000] ACPI: PM-Timer IO Port: 0x4008
[    0.000000] IOAPIC[0]: apic_id 2, version 32, address 0xfec00000, GSI 0-23
[    0.000000] ACPI: INT_SRC_OVR (bus 0 bus_irq 0 global_irq 2 dfl dfl)
[    0.000000] ACPI: INT_SRC_OVR (bus 0 bus_irq 9 global_irq 9 high level)
[    0.000000] Using ACPI (MADT) for SMP configuration information
[    0.000000] smpboot: Allowing 2 CPUs, 0 hotplug CPUs
[    0.000000] PM: Registered nosave memory: [mem 0x00000000-0x00000fff]
[    0.000000] PM: Registered nosave memory: [mem 0x0009f000-0x0009ffff]
[    0.000000] PM: Registered nosave memory: [mem 0x000a0000-0x000effff]
[    0.000000] PM: Registered nosave memory: [mem 0x000f0000-0x000fffff]
[    0.000000] e820: [mem 0x10000000-0xfebfffff] available for PCI devices
[    0.000000] Booting paravirtualized kernel on KVM
[    0.000000] clocksource: refined-jiffies: mask: 0xffffffff max_cycles: 0xffffffff, max_idle_ns: 7645519600211568 ns
[    0.000000] setup_percpu: NR_CPUS:512 nr_cpumask_bits:512 nr_cpu_ids:2 nr_node_ids:1
[    0.000000] PERCPU: Embedded 33 pages/cpu @ffff88000fc00000 s98264 r8192 d28712 u1048576
[    0.000000] PV qspinlock hash table entries: 256 (order: 0, 4096 bytes)
[    0.000000] Built 1 zonelists in Node order, mobility grouping on.  Total pages: 64377
[    0.000000] Policy zone: DMA32
[    0.000000] Kernel command line: BOOT_IMAGE=/boot/vmlinuz-4.4.0-64-generic root=LABEL=cloudimg-rootfs ro console=tty1 console=ttyS0
[    0.000000] PID hash table entries: 1024 (order: 1, 8192 bytes)
[    0.000000] Memory: 227616K/261688K available (8452K kernel code, 1293K rwdata, 3980K rodata, 1488K init, 1316K bss, 34072K reserved, 0K cma-reserved)
[    0.000000] SLUB: HWalign=64, Order=0-3, MinObjects=0, CPUs=2, Nodes=1
[    0.000000] Hierarchical RCU implementation.
[    0.000000] 	Build-time adjustment of leaf fanout to 64.
[    0.000000] 	RCU restricting CPUs from NR_CPUS=512 to nr_cpu_ids=2.
[    0.000000] RCU: Adjusting geometry for rcu_fanout_leaf=64, nr_cpu_ids=2
[    0.000000] NR_IRQS:33024 nr_irqs:440 16
[    0.000000] Console: colour VGA+ 80x25
[    0.000000] console [tty1] enabled
[    0.000000] console [ttyS0] enabled
[    0.000000] tsc: Detected 1896.458 MHz processor
[    0.000000] tsc: Marking TSC unstable due to TSCs unsynchronized
[    0.012000] Calibrating delay loop (skipped) preset value.. 3792.91 BogoMIPS (lpj=7585832)
[    0.016018] pid_max: default: 32768 minimum: 301
[    0.020028] ACPI: Core revision 20150930
[    0.029818] ACPI: 2 ACPI AML tables successfully acquired and loaded
[    0.037054] Security Framework initialized
[    0.040036] Yama: becoming mindful.
[    0.044056] AppArmor: AppArmor initialized
[    0.048140] Dentry cache hash table entries: 32768 (order: 6, 262144 bytes)
[    0.052244] Inode-cache hash table entries: 16384 (order: 5, 131072 bytes)
[    0.056123] Mount-cache hash table entries: 512 (order: 0, 4096 bytes)
[    0.060043] Mountpoint-cache hash table entries: 512 (order: 0, 4096 bytes)
[    0.064544] Initializing cgroup subsys io
[    0.068033] Initializing cgroup subsys memory
[    0.072055] Initializing cgroup subsys devices
[    0.076029] Initializing cgroup subsys freezer
[    0.080044] Initializing cgroup subsys net_cls
[    0.084028] Initializing cgroup subsys perf_event
[    0.088065] Initializing cgroup subsys net_prio
[    0.092043] Initializing cgroup subsys hugetlb
[    0.096033] Initializing cgroup subsys pids
[    0.100370] CPU: Physical Processor ID: 0
[    0.104018] CPU: Processor Core ID: 0
[    0.108029] mce: CPU supports 0 MCE banks
[    0.112265] Last level iTLB entries: 4KB 512, 2MB 1024, 4MB 512
[    0.116019] Last level dTLB entries: 4KB 1024, 2MB 1024, 4MB 512, 1GB 0
[    0.127600] Freeing SMP alternatives memory: 32K (ffffffff820b9000 - ffffffff820c1000)
[    0.157313] ftrace: allocating 32123 entries in 126 pages
[    0.180303] smpboot: APIC(0) Converting physical 0 to logical package 0
[    0.184022] smpboot: Max logical packages: 1
[    0.188965] x2apic enabled
[    0.192071] Switched APIC routing to physical x2apic.
[    0.206102] ..TIMER: vector=0x30 apic1=0 pin1=2 apic2=-1 pin2=-1
[    0.212000] smpboot: CPU0: AMD A8-4500M APU with Radeon(tm) HD Graphics (family: 0x15, model: 0x10, stepping: 0x1)
[    0.224029] Performance Events: Broken PMU hardware detected, using software events only.
[    0.232029] Failed to access perfctr msr (MSR c0010007 is 0)
[    0.236072] KVM setup paravirtual spinlock
[    0.244615] x86: Booting SMP configuration:
[    0.248019] .... node  #0, CPUs:      #1
[    0.012000] kvm-clock: cpu 1, msr 0:ffe3041, secondary cpu clock
[    0.012000] mce: CPU supports 0 MCE banks
[    0.293965] x86: Booted up 1 node, 2 CPUs
[    0.296007] smpboot: Total of 2 processors activated (7585.83 BogoMIPS)
[    0.304130] devtmpfs: initialized
[    0.342007] evm: security.selinux
[    0.368022] evm: security.SMACK64
[    0.392018] evm: security.SMACK64EXEC
[    0.408048] evm: security.SMACK64TRANSMUTE
[    0.424020] evm: security.SMACK64MMAP
[    0.432017] evm: security.ima
[    0.444018] evm: security.capability
[    0.460325] clocksource: jiffies: mask: 0xffffffff max_cycles: 0xffffffff, max_idle_ns: 7645041785100000 ns
[    0.488105] pinctrl core: initialized pinctrl subsystem
[    0.492316] RTC time: 15:22:14, date: 10/02/17
[    0.496542] NET: Registered protocol family 16
[    0.516031] cpuidle: using governor ladder
[    0.532090] cpuidle: using governor menu
[    0.536064] PCCT header not found.
[    0.540844] ACPI: bus type PCI registered
[    0.544020] acpiphp: ACPI Hot Plug PCI Controller Driver version: 0.5
[    0.548386] PCI: Using configuration type 1 for base access
[    0.552012] PCI: Using configuration type 1 for extended access
[    0.572225] ACPI: Added _OSI(Module Device)
[    0.576052] ACPI: Added _OSI(Processor Device)
[    0.580015] ACPI: Added _OSI(3.0 _SCP Extensions)
[    0.584017] ACPI: Added _OSI(Processor Aggregator Device)
[    0.589677] ACPI: Executed 1 blocks of module-level executable AML code
[    0.600976] ACPI: Interpreter enabled
[    0.603812] ACPI: (supports S0 S5)
[    0.604040] ACPI: Using IOAPIC for interrupt routing
[    0.612353] PCI: Using host bridge windows from ACPI; if necessary, use "pci=nocrs" and report a bug
[    0.626371] ACPI: PCI Root Bridge [PCI0] (domain 0000 [bus 00-ff])
[    0.628032] acpi PNP0A03:00: _OSC: OS supports [ExtendedConfig ASPM ClockPM Segments MSI]
[    0.632027] acpi PNP0A03:00: _OSC failed (AE_NOT_FOUND); disabling ASPM
[    0.636686] PCI host bridge to bus 0000:00
[    0.644068] pci_bus 0000:00: root bus resource [io  0x0000-0x0cf7 window]
[    0.648016] pci_bus 0000:00: root bus resource [io  0x0d00-0xffff window]
[    0.652016] pci_bus 0000:00: root bus resource [mem 0x000a0000-0x000bffff window]
[    0.656016] pci_bus 0000:00: root bus resource [mem 0x10000000-0xffdfffff window]
[    0.660022] pci_bus 0000:00: root bus resource [bus 00-ff]
[    0.669203] pci 0000:00:01.1: legacy IDE quirk: reg 0x10: [io  0x01f0-0x01f7]
[    0.672015] pci 0000:00:01.1: legacy IDE quirk: reg 0x14: [io  0x03f6]
[    0.676020] pci 0000:00:01.1: legacy IDE quirk: reg 0x18: [io  0x0170-0x0177]
[    0.680019] pci 0000:00:01.1: legacy IDE quirk: reg 0x1c: [io  0x0376]
[    0.713244] pci 0000:00:07.0: quirk: [io  0x4000-0x403f] claimed by PIIX4 ACPI
[    0.716116] pci 0000:00:07.0: quirk: [io  0x4100-0x410f] claimed by PIIX4 SMB
[    0.739082] ACPI: PCI Interrupt Link [LNKA] (IRQs 5 9 10 *11)
[    0.744184] ACPI: PCI Interrupt Link [LNKB] (IRQs 5 9 10 *11)
[    0.752181] ACPI: PCI Interrupt Link [LNKC] (IRQs 5 9 *10 11)
[    0.757221] ACPI: PCI Interrupt Link [LNKD] (IRQs 5 *9 10 11)
[    0.765512] ACPI: Enabled 2 GPEs in block 00 to 07
[    0.768315] vgaarb: setting as boot device: PCI:0000:00:02.0
[    0.772000] vgaarb: device added: PCI:0000:00:02.0,decodes=io+mem,owns=io+mem,locks=none
[    0.772016] vgaarb: loaded
[    0.776013] vgaarb: bridge control possible 0000:00:02.0
[    0.784274] SCSI subsystem initialized
[    0.788153] ACPI: bus type USB registered
[    0.792159] usbcore: registered new interface driver usbfs
[    0.796070] usbcore: registered new interface driver hub
[    0.800103] usbcore: registered new device driver usb
[    0.804284] PCI: Using ACPI for IRQ routing
[    0.808837] NetLabel: Initializing
[    0.812017] NetLabel:  domain hash size = 128
[    0.816009] NetLabel:  protocols = UNLABELED CIPSOv4
[    0.818437] NetLabel:  unlabeled traffic allowed by default
[    0.824157] amd_nb: Cannot enumerate AMD northbridges
[    0.828145] clocksource: Switched to clocksource kvm-clock
[    0.868723] AppArmor: AppArmor Filesystem Enabled
[    0.946163] pnp: PnP ACPI init
[    0.950542] pnp: PnP ACPI: found 3 devices
[    1.015569] clocksource: acpi_pm: mask: 0xffffff max_cycles: 0xffffff, max_idle_ns: 2085701024 ns
[    1.155498] NET: Registered protocol family 2
[    1.174302] TCP established hash table entries: 2048 (order: 2, 16384 bytes)
[    1.198075] TCP bind hash table entries: 2048 (order: 3, 32768 bytes)
[    1.246053] TCP: Hash tables configured (established 2048 bind 2048)
[    1.273314] UDP hash table entries: 256 (order: 1, 8192 bytes)
[    1.351562] UDP-Lite hash table entries: 256 (order: 1, 8192 bytes)
[    1.399205] NET: Registered protocol family 1
[    1.427193] pci 0000:00:00.0: Limiting direct PCI/PCI transfers
[    1.459404] pci 0000:00:01.0: Activating ISA DMA hang workarounds
[    1.474746] Trying to unpack rootfs image as initramfs...
[    5.742497] Freeing initrd memory: 10840K (ffff88000ecc5000 - ffff88000f75b000)
[    5.789829] clocksource: tsc: mask: 0xffffffffffffffff max_cycles: 0x36ac33bbb49, max_idle_ns: 881590537405 ns
[    5.890902] platform rtc_cmos: registered platform RTC device (no PNP device found)
[    5.933957] Scanning for low memory corruption every 60 seconds
[    5.966414] futex hash table entries: 512 (order: 3, 32768 bytes)
[    5.990332] audit: initializing netlink subsys (disabled)
[    5.999530] audit: type=2000 audit(1506957743.325:1): initialized
[    6.035819] Initialise system trusted keyring
[    6.069170] HugeTLB registered 2 MB page size, pre-allocated 0 pages
[    6.156261] zbud: loaded
[    6.164782] VFS: Disk quotas dquot_6.6.0
[    6.194465] VFS: Dquot-cache hash table entries: 512 (order 0, 4096 bytes)
[    6.244672] squashfs: version 4.0 (2009/01/31) Phillip Lougher
[    6.309014] fuse init (API version 7.23)
[    6.358550] Key type big_key registered
[    6.425862] Allocating IMA MOK and blacklist keyrings.
[    6.448652] Key type asymmetric registered
[    6.471547] Asymmetric key parser 'x509' registered
[    6.510186] Block layer SCSI generic (bsg) driver version 0.4 loaded (major 249)
[    6.560462] io scheduler noop registered
[    6.583770] io scheduler deadline registered (default)
[    6.591569] io scheduler cfq registered
[    6.609017] pci_hotplug: PCI Hot Plug PCI Core version: 0.5
[    6.611986] pciehp: PCI Express Hot Plug Controller Driver version: 0.4
[    6.618771] ACPI: AC Adapter [AC] (on-line)
[    6.631356] input: Power Button as /devices/LNXSYSTM:00/LNXPWRBN:00/input/input0
[    6.666498] ACPI: Power Button [PWRF]
[    6.669500] input: Sleep Button as /devices/LNXSYSTM:00/LNXSLPBN:00/input/input1
[    6.701857] ACPI: Sleep Button [SLPF]
[    6.726075] GHES: HEST is not enabled!
[    6.727729] ACPI: Battery Slot [BAT0] (battery present)
[    6.793673] Serial: 8250/16550 driver, 32 ports, IRQ sharing enabled
[    6.874640] 00:02: ttyS0 at I/O 0x3f8 (irq = 4, base_baud = 115200) is a 16550A
[    6.916901] Linux agpgart interface v0.103
[    6.989412] brd: module loaded
[    7.007943] loop: module loaded
[    7.050822] scsi host0: ata_piix
[    7.090238] scsi host1: ata_piix
[    7.120904] ata1: PATA max UDMA/33 cmd 0x1f0 ctl 0x3f6 bmdma 0xd000 irq 14
[    7.131841] ata2: PATA max UDMA/33 cmd 0x170 ctl 0x376 bmdma 0xd008 irq 15
[    7.204684] libphy: Fixed MDIO Bus: probed
[    7.209734] tun: Universal TUN/TAP device driver, 1.6
[    7.245303] tun: (C) 1999-2004 Max Krasnyansky <maxk@qualcomm.com>
[    7.277423] PPP generic driver version 2.4.2
[    7.284595] ehci_hcd: USB 2.0 'Enhanced' Host Controller (EHCI) Driver
[    7.301464] ehci-pci: EHCI PCI platform driver
[    7.320690] ehci-platform: EHCI generic platform driver
[    7.354208] ohci_hcd: USB 1.1 'Open' Host Controller (OHCI) Driver
[    7.357000] ohci-pci: OHCI PCI platform driver
[    7.393140] ohci-platform: OHCI generic platform driver
[    7.444276] uhci_hcd: USB Universal Host Controller Interface driver
[    7.449174] i8042: PNP: PS/2 Controller [PNP0303:PS2K,PNP0f03:PS2M] at 0x60,0x64 irq 1,12
[    7.461731] serio: i8042 KBD port at 0x60,0x64 irq 1
[    7.467632] serio: i8042 AUX port at 0x60,0x64 irq 12
[    7.522768] mousedev: PS/2 mouse device common for all mice
[    7.545660] input: AT Translated Set 2 keyboard as /devices/platform/i8042/serio0/input/input2
[    7.553052] rtc_cmos rtc_cmos: rtc core: registered rtc_cmos as rtc0
[    7.553212] rtc_cmos rtc_cmos: alarms up to one day, 114 bytes nvram
[    7.553243] i2c /dev entries driver
[    7.553356] device-mapper: uevent: version 1.0.3
[    7.553463] device-mapper: ioctl: 4.34.0-ioctl (2015-10-28) initialised: dm-devel@redhat.com
[    7.553492] ledtrig-cpu: registered to indicate activity on CPUs
[    7.554052] NET: Registered protocol family 10
[    7.554348] NET: Registered protocol family 17
[    7.554362] Key type dns_resolver registered
[    7.554613] microcode: CPU0: patch_level=0x06000626
[    7.554250] microcode: CPU1: patch_level=0x06000626
[    7.560224] microcode: Microcode Update Driver: v2.01 <tigran@aivazian.fsnet.co.uk>, Peter Oruba
[    7.560500] registered taskstats version 1
[    7.560532] Loading compiled-in X.509 certificates
[    7.561900] Loaded X.509 cert 'Build time autogenerated kernel key: 11f495fa9f4186f263f5fd144a167c99990e2f12'
[    7.561952] zswap: loaded using pool lzo/zbud
[    7.565100] Key type trusted registered
[    7.570880] Key type encrypted registered
[    7.570893] AppArmor: AppArmor sha1 policy hashing enabled
[    7.570903] ima: No TPM chip found, activating TPM-bypass!
[    7.570953] evm: HMAC attrs: 0x1
[    7.571660]   Magic number: 5:587:385
[    7.571697] thermal cooling_device0: hash matches
[    7.582782] rtc_cmos rtc_cmos: setting system clock to 2017-10-02 15:22:23 UTC (1506957743)
[    7.583056] BIOS EDD facility v0.16 2004-Jun-25, 0 devices found
[    7.583057] EDD information not available.
[    8.024341] Freeing unused kernel memory: 1488K (ffffffff81f45000 - ffffffff820b9000)
[    8.056360] Write protecting the kernel read-only data: 14336k
[    8.061127] Freeing unused kernel memory: 1776K (ffff880001844000 - ffff880001a00000)
[    8.123356] Freeing unused kernel memory: 116K (ffff880001de3000 - ffff880001e00000)
Loading, please wait...
starting version[    8.199977] random: systemd-udevd: uninitialized urandom read (16 bytes read, 3 bits of entropy available)
 229
[    8.200662] random: udevadm: uninitialized urandom read (16 bytes read, 3 bits of entropy available)
[    8.200766] random: udevadm: uninitialized urandom read (16 bytes read, 3 bits of entropy available)
[    8.201100] random: udevadm: uninitialized urandom read (16 bytes read, 3 bits of entropy available)
[    8.201214] random: udevadm: uninitialized urandom read (16 bytes read, 3 bits of entropy available)
[    8.201334] random: udevadm: uninitialized urandom read (16 bytes read, 3 bits of entropy available)
[    8.201445] random: udevadm: uninitialized urandom read (16 bytes read, 3 bits of entropy available)
[    8.201602] random: udevadm: uninitialized urandom read (16 bytes read, 3 bits of entropy available)
[    8.201743] random: udevadm: uninitialized urandom read (16 bytes read, 3 bits of entropy available)
[    8.201878] random: udevadm: uninitialized urandom read (16 bytes read, 3 bits of entropy available)
[    8.655445] Fusion MPT base driver 3.04.20
[    8.676357] Copyright (c) 1999-2008 LSI Corporation
[    8.717578] e1000: Intel(R) PRO/1000 Network Driver - version 7.3.21-k8-NAPI
[    8.774132] e1000: Copyright (c) 1999-2006 Intel Corporation.
[    8.831870] AVX version of gcm_enc/dec engaged.
[    8.867845] AES CTR mode by8 optimization enabled
[    8.931301] Fusion MPT SPI Host driver 3.04.20
[    9.015084] input: ImExPS/2 Generic Explorer Mouse as /devices/platform/i8042/serio1/input/input4
[    9.549910] e1000 0000:00:03.0 eth0: (PCI:33MHz:32-bit) 02:9a:e7:4d:41:74
[    9.628105] e1000 0000:00:03.0 eth0: Intel(R) PRO/1000 Network Connection
[    9.652119] mptbase: ioc0: Initiating bringup
[    9.741466] ioc0: LSI53C1030 A0: Capabilities={Initiator}
[    9.956961] scsi host2: ioc0: LSI53C1030 A0, FwRev=00000000h, Ports=1, MaxQ=256, IRQ=20
[   10.133051] scsi 2:0:0:0: Direct-Access     VBOX     HARDDISK         1.0  PQ: 0 ANSI: 5
[   10.157666] scsi target2:0:0: Beginning Domain Validation
[   10.178513] scsi target2:0:0: Domain Validation skipping write tests
[   10.184287] scsi target2:0:0: Ending Domain Validation
[   10.190041] scsi target2:0:0: asynchronous
[   10.280100] scsi 2:0:1:0: Direct-Access     VBOX     HARDDISK         1.0  PQ: 0 ANSI: 5
[   10.300163] scsi target2:0:1: Beginning Domain Validation
[   10.316069] scsi target2:0:1: Domain Validation skipping write tests
[   10.372908] scsi target2:0:1: Ending Domain Validation
[   10.378907] scsi target2:0:1: asynchronous
[   10.582241] sd 2:0:0:0: [sda] 20971520 512-byte logical blocks: (10.7 GB/10.0 GiB)
[   10.616068] sd 2:0:0:0: Attached scsi generic sg0 type 0
[   10.642441] sd 2:0:1:0: Attached scsi generic sg1 type 0
[   10.644719] sd 2:0:1:0: [sdb] 20480 512-byte logical blocks: (10.5 MB/10.0 MiB)
[   10.660374] sd 2:0:1:0: [sdb] Write Protect is off
[   10.670504] sd 2:0:1:0: [sdb] Incomplete mode parameter data
[   10.670508] sd 2:0:1:0: [sdb] Assuming drive cache: write through
[   10.748033] sd 2:0:1:0: [sdb] Attached SCSI disk
[   10.748076] sd 2:0:0:0: [sda] Write Protect is off
[   10.749189] sd 2:0:0:0: [sda] Incomplete mode parameter data
[   10.749193] sd 2:0:0:0: [sda] Assuming drive cache: write through
[   10.765663]  sda: sda1
[   10.769506] sd 2:0:0:0: [sda] Attached SCSI disk
[   10.798687] e1000 0000:00:08.0 eth1: (PCI:33MHz:32-bit) 08:00:27:1d:c4:8f
[   10.798705] e1000 0000:00:08.0 eth1: Intel(R) PRO/1000 Network Connection
[   10.822570] e1000 0000:00:08.0 enp0s8: renamed from eth1
[   10.907519] e1000 0000:00:03.0 enp0s3: renamed from eth0
[   11.646268] floppy0: no floppy controllers found
Begin: Loading e[   13.549464] md: linear personality registered for level -1
ssential drivers ... [   13.608746] md: multipath personality registered for level -4
[   13.718627] md: raid0 personality registered for level 0
[   13.782813] md: raid1 personality registered for level 1
[   13.869175] raid6: sse2x1   gen()  2149 MB/s
[   13.960975] raid6: sse2x1   xor()  1301 MB/s
[   14.048057] raid6: sse2x2   gen()  2522 MB/s
[   14.164394] raid6: sse2x2   xor()  1668 MB/s
[   14.244097] raid6: sse2x4   gen()  2628 MB/s
[   14.332099] raid6: sse2x4   xor()  1249 MB/s
[   14.360434] raid6: using algorithm sse2x4 gen() 2628 MB/s
[   14.367025] raid6: .... xor() 1249 MB/s, rmw enabled
[   14.374670] raid6: using ssse3x2 recovery algorithm
[   14.407086] xor: automatically using best checksumming function:
[   14.480364]    avx       :  2299.000 MB/sec
[   14.495024] async_tx: api initialized (async)
[   14.516777] md: raid6 personality registered for level 6
[   14.521690] md: raid5 personality registered for level 5
[   14.531154] md: raid4 personality registered for level 4
[   14.560564] md: raid10 personality registered for level 10
done.
Begin: Running /scripts/init-premount ... done.
Begin: Mounting root file system ... Begin: Running /scripts/local-top ... done.
Begin: Running /scripts/local-premount ... [   14.653745] Btrfs loaded
Scanning for Btrfs filesystems
done.
Warning: fsck not present, so skipping root file system
[   14.926028] EXT4-fs (sda1): mounted filesystem with ordered data mode. Opts: (null)
done.
Begin: Running /scripts/local-bottom ... done.
Begin: Running /scripts/init-bottom ... done.
[   15.657797] random: nonblocking pool is initialized
[   16.090940] systemd[1]: systemd 229 running in system mode. (+PAM +AUDIT +SELINUX +IMA +APPARMOR +SMACK +SYSVINIT +UTMP +LIBCRYPTSETUP +GCRYPT +GNUTLS +ACL +XZ -LZ4 +SECCOMP +BLKID +ELFUTILS +KMOD -IDN)
[   16.168340] systemd[1]: Detected virtualization oracle.
[   16.200102] systemd[1]: Detected architecture x86-64.

Welcome to [1mUbuntu 16.04.2 LTS[0m!

[   16.347514] systemd[1]: Set hostname to <ubuntu>.
[   16.382318] systemd[1]: Initializing machine ID from random generator.
[   16.402053] systemd[1]: Installed transient /etc/machine-id file.
[   18.007136] systemd[1]: Started Forward Password Requests to Wall Directory Watch.
[[0;32m  OK  [0m] Started Forward Password Requests to Wall Directory Watch.
[   18.089262] systemd[1]: Reached target User and Group Name Lookups.
[[0;32m  OK  [0m] Reached target User and Group Name Lookups.
[   18.145162] systemd[1]: Listening on Syslog Socket.
[[0;32m  OK  [0m] Listening on Syslog Socket.
[   18.206719] systemd[1]: Listening on LVM2 poll daemon socket.
[[0;32m  OK  [0m] Listening on LVM2 poll daemon socket.
[   18.264862] systemd[1]: Listening on udev Kernel Socket.
[[0;32m  OK  [0m] Listening on udev Kernel Socket.
[   18.341002] systemd[1]: Listening on /dev/initctl Compatibility Named Pipe.
[[0;32m  OK  [0m] Listening on /dev/initctl Compatibility Named Pipe.
[   18.428927] systemd[1]: Listening on udev Control Socket.
[[0;32m  OK  [0m] Listening on udev Control Socket.
[   18.497204] systemd[1]: Created slice System Slice.
[[0;32m  OK  [0m] Created slice System Slice.
[   18.608215] systemd[1]: Created slice system-serial\x2dgetty.slice.
[[0;32m  OK  [0m] Created slice system-serial\x2dgetty.slice.
[   18.733903] systemd[1]: Listening on Journal Socket (/dev/log).
[[0;32m  OK  [0m] Listening on Journal Socket (/dev/log).
[   18.825256] systemd[1]: Listening on Journal Socket.
[[0;32m  OK  [0m] Listening on Journal Socket.
[   18.925111] systemd[1]: Starting Nameserver information manager...
         Starting Nameserver information manager...
[   19.012378] systemd[1]: Mounting Huge Pages File System...
         Mounting Huge Pages File System...
[   19.093238] systemd[1]: Starting Set console keymap...
         Starting Set console keymap...
[   19.305064] systemd[1]: Starting Load Kernel Modules...
         Starting Load Kernel Modules...
[   19.374804] systemd[1]: Mounting POSIX Message Queue File System...
         Mounting POSIX Message Queue File System...
[   19.476559] Loading iSCSI transport class v2.0-870.
[   19.485802] systemd[1]: Starting Create list of required static device nodes for the current kernel...
         Starting Create list of required st... nodes for the current kernel...
[   19.533421] systemd[1]: Starting Uncomplicated firewall...
         Starting Uncomplicated firewall...
[   19.574888] systemd[1]: Starting Remount Root and Kernel File Systems...
         Starting Remount Root and Kernel File Systems...[   19.658433] iscsi: registered transport (tcp)

[   19.671707] EXT4-fs (sda1): re-mounted. Opts: (null)
[   19.685917] systemd[1]: Set up automount Arbitrary Executable File Formats File System Automount Point.
[[0;32m  OK  [0m] Set up automount Arbitrary Executab...ats File System Automount Point.
[   19.805200] systemd[1]: Listening on LVM2 metadata daemon socket.
[[0;32m  OK  [0m] Listening on LVM2 metadata daemon socket.
[   19.828539] systemd[1]: Reached target Swap.
[[0;32m  OK  [0m] Reached targ[   19.891269] iscsi: registered transport (iser)
et Swap.
[   19.964854] systemd[1]: Mounting Debug File System...
         Mounting Debug File System...
[   20.029056] systemd[1]: Reached target Encrypted Volumes.
[[0;32m  OK  [0m] Reached target Encrypted Volumes.
[   20.105414] systemd[1]: Created slice User and Session Slice.
[[0;32m  OK  [0m] Created slice User and Session Slice.
[   20.155629] systemd[1]: Reached target Slices.
[[0;32m  OK  [0m] Reached target Slices.
[   20.216759] systemd[1]: Listening on Journal Audit Socket.
[[0;32m  OK  [0m] Listening on Journal Audit Socket.
[   20.308717] systemd[1]: Starting Journal Service...
         Starting Journal Service...
[   20.370274] systemd[1]: Listening on Device-mapper event daemon FIFOs.
[[0;32m  OK  [0m] Listening on Device-mapper event daemon FIFOs.
[   20.513241] systemd[1]: Starting Monitoring of LVM2 mirrors, snapshots etc. using dmeventd or progress polling...
         Starting Monitoring of LVM2 mirrors... dmeventd or progress polling...
[   20.698965] systemd[1]: Mounted Huge Pages File System.
[[0;32m  OK  [0m] Mounted Huge Pages File System.
[   20.744916] systemd[1]: Mounted POSIX Message Queue File System.
[[0;32m  OK  [0m] Mounted POSIX Message Queue File System.
[   20.801170] systemd[1]: Mounted Debug File System.
[[0;32m  OK  [0m] Mounted Debug File System.
[   20.872611] systemd[1]: Started Journal Service.
[[0;32m  OK  [0m] Started Journal Service.
[[0;32m  OK  [0m] Started Set console keymap.
[[0;32m  OK  [0m] Started Load Kernel Modules.
[[0;32m  OK  [0m] Started Create list of required sta...ce nodes for the current kernel.
[[0;32m  OK  [0m] Started Uncomplicated firewall.
[[0;32m  OK  [0m] Started Remount Root and Kernel File Systems.
[[0;32m  OK  [0m] Started Nameserver information manager.
[[0;32m  OK  [0m] Started LVM2 metadata daemon.
         Starting Initial cloud-init job (pre-networking)...
         Starting Load/Save Random Seed...
         Starting udev Coldplug all Devices...
         Starting Create Static Device Nodes in /dev...
         Starting Apply Kernel Variables...
         Mounting FUSE Control File System...
         Starting Flush Journal to Persistent Storage...
[[0;32m  OK  [0m] Mounted FUSE Control File System.
[[0;32m  OK  [0m] Started Load/Save Random Seed.
[[0;32m  OK  [0m] Started udev Coldplug all Devices.
[   22.252928] systemd-journald[442]: Received request to flush runtime journal from PID 1
[[0;32m  OK  [0m] Started Monitoring of LVM2 mirrors,...ng dmeventd or progress polling.
[[0;32m  OK  [0m] Started Apply Kernel Variables.
[[0;32m  OK  [0m] Started Flush Journal to Persistent Storage.
[[0;32m  OK  [0m] Started Create Static Device Nodes in /dev.
         Starting udev Kernel Device Manager...
[[0;32m  OK  [0m] Started udev Kernel Device Manager.
[[0;32m  OK  [0m] Reached target Local File Systems (Pre).
[[0;32m  OK  [0m] Reached target Local File Systems.
         Starting Commit a transient machine-id on disk...
         Starting Create Volatile Files and Directories...
         Starting LSB: AppArmor initialization...
         Starting Set console font and keymap...
         Starting Tell Plymouth To Write Out Runtime Data...
[[0;32m  OK  [0m] Started Dispatch Password Requests to Console Directory Watch.
[[0;32m  OK  [0m] Started Commit a transient machine-id on disk.
[[0;32m  OK  [0m] Started Create Volatile Files and Directories.
[[0;32m  OK  [0m] Started Tell Plymouth To Write Out Runtime Data.
         Starting Update UTMP about System Boot/Shutdown...
[[0;32m  OK  [0m] Reached target System Time Synchronized.
[[0;32m  OK  [0m] Found device /dev/ttyS0.
[[0;32m  OK  [0m] Started Update UTMP about System Boot/Shutdown.
[[0;32m  OK  [0m] Started Set console font and keymap.
[[0;32m  OK  [0m] Created slice system-getty.slice.
[[0;32m  OK  [0m] Listening on Load/Save RF Kill Switch Status /dev/rfkill Watch.
[[0;32m  OK  [0m] Started LSB: AppArmor initialization.
[   41.113986] cloud-init[468]: Cloud-init v. 0.7.9 running 'init-local' at Mon, 02 Oct 2017 15:22:54 +0000. Up 38.59 seconds.
[[0;32m  OK  [0m] Started Initial cloud-init job (pre-networking).
[[0;32m  OK  [0m] Reached target Network (Pre).
         Starting Raise network interfaces...
[[0;32m  OK  [0m] Started Raise network interfaces.
[[0;32m  OK  [0m] Reached target Network.
         Starting Initial cloud-init job (metadata service crawler)...
[   46.513251] cloud-init[1065]: Cloud-init v. 0.7.9 running 'init' at Mon, 02 Oct 2017 15:22:59 +0000. Up 43.31 seconds.
[   46.548984] cloud-init[1065]: ci-info: ++++++++++++++++++++++++++++++++++++++Net device info++++++++++++++++++++++++++++++++++++++
[   46.607150] cloud-init[1065]: ci-info: +--------+-------+----------------------------+---------------+-------+-------------------+
[   46.665491] cloud-init[1065]: ci-info: | Device |   Up  |          Address           |      Mask     | Scope |     Hw-Address    |
[   46.666294] cloud-init[1065]: ci-info: +--------+-------+----------------------------+---------------+-------+-------------------+
[[0;32m  OK  [0m] Started Initial cloud-init job (metadata service crawler).
[   46.667039] cloud-init[1065]: ci-info: | enp0s3 |  True |         10.0.2.15          | 255.255.255.0 |   .   | 02:9a:e7:4d:41:74 |
[   46.848730] cloud-init[1065]: ci-info: | enp0s3 |  True | fe80::9a:e7ff:fe4d:4174/64 |       .       |  link | 02:9a:e7:4d:41:74 |
[   46.849621] cloud-init[1065]: ci-info: |   lo   |  True |         127.0.0.1          |   255.0.0.0   |   .   |         .         |
[[0;32m  OK  [0m] Reached target System Initialization.
[[   46.850024] cloud-init[1065]: ci-info: |   lo   |  True |          ::1/128           |       .       |  host |         .         |
[   47.018991] cloud-init[1065]: ci-info: | enp0s8 | False |             .              |       .       |   .   | 08:00:27:1d:c4:8f |
[   47.019121] cloud-init[1065]: ci-info: +--------+-------+----------------------------+---------------+-------+-------------------+
[0;32m  OK  [0m] Started Daily Cleanup of Temporary Directories.
[[   47.019997] cloud-init[1065]: ci-info: +++++++++++++++++++++++++++Route IPv4 info++++++++++++++++++++++++++++
[   47.330388] cloud-init[1065]: ci-info: +-------+-------------+----------+---------------+-----------+-------+
[0;32m  OK  [0m] Started Daily apt activities.
[   47.330671] cloud-init[1065]: ci-info: | Route | Destination | Gateway  |    Genmask    | Interface | Flags |
[   47.594253] cloud-init[1065]: ci-info: +-------+-------------+----------+---------------+-----------+-------+
[   47.595082] cloud-init[1065]: ci-info: |   0   |   0.0.0.0   | 10.0.2.2 |    0.0.0.0    |   enp0s3  |   UG  |
[[0;32m  OK  [0m] Started ACPI Events Check.
[[   47.595543] cloud-init[1065]: ci-info: |   1   |   10.0.2.0  | 0.0.0.0  | 255.255.255.0 |   enp0s3  |   U   |
[   47.769905] cloud-init[1065]: ci-info: +-------+-------------+----------+---------------+-----------+-------+
[0;32m  OK  [0m] Listening on D-Bus System Message Bus Socket.
[[   47.770055] cloud-init[1065]: Generating public/private rsa key pair.
[   47.946682] cloud-init[1065]: Your identification has been saved in /etc/ssh/ssh_host_rsa_key.
[0;32m  OK  [0m] Listening on ACPID Listen Socket.
[   47.946902] cloud-init[1065]: Your public key has been saved in /etc/ssh/ssh_host_rsa_key.pub.
[   48.004418] cloud-init[1065]: The key fingerprint is:
         Starting Socket activation for snappy daemon.
[   48.004642] cloud-init[1065]: SHA256:E69ndEsTGZikNOT4v8Iq6/7ebGaehIVgIJEh1E5D9Lk root@ubuntu-xenial
[   48.145273] cloud-init[1065]: The key's randomart image is:
[   48.145846] cloud-init[1065]: +---[RSA 2048]----+
         Starting LXD - unix socket.
[[   48.146187] cloud-init[1065]: |*==o   .+..o.    |
[   48.258489] cloud-init[1065]: |o. =. .+ oo  o   |
[0;32m  OK  [0m] Started Timer to automatically refresh installed snaps.
[[   48.258632] cloud-init[1065]: |  o +o. +   o    |
[   48.364566] cloud-init[1065]: |   o ..o o   .   |
[0;32m  OK  [0m] Reached target Timers.
[[   48.364794] cloud-init[1065]: |     E. S o +    |
[   48.437695] cloud-init[1065]: |       o = o o   |
[0;32m  OK  [0m] Listening on UUID daemon activation socket.
[   48.437931] cloud-init[1065]: |      ..o + .    |
[   48.495160] cloud-init[1065]: |    .  +*+ .     |
[[0;32m  OK  [0m] Started Trigger resolvconf update for networkd DNS.
[   48.495349] cloud-init[1065]: |   o+=+*=..      |
[   48.533995] cloud-init[1065]: +----[SHA256]-----+
[[0;32m  OK  [0m] Reached target Paths.
[[   48.534437] cloud-init[1065]: Generating public/private dsa key pair.
[   48.578355] cloud-init[1065]: Your identification has been saved in /etc/ssh/ssh_host_dsa_key.
[0;32m  OK  [0m] Reached target Cloud-config availability.
[   48.578684] cloud-init[1065]: Your public key has been saved in /etc/ssh/ssh_host_dsa_key.pub.
[   48.656189] cloud-init[1065]: The key fingerprint is:
[[0;32m  OK  [0m] Reached target Network is Online.
[   48.656615] cloud-init[1065]: SHA256:cPJXMn1c4be1IOQviacdvCBVQQW0Vn39sdLmZSAJcTs root@ubuntu-xenial
[   48.828336]          cloud-initStarting iSCSI initiator daemon (iscsid)...[1065]: 
The key's randomart image is:
[   48.880892] cloud-init[1065]: +---[DSA 1024]----+
[   48.881455] cloud-init[1065]: |          =X=+..+|
[[0;32m  OK  [0m] Listening on Socket activation for snappy daemon.
[[   48.881764] cloud-init[1065]: |          +o=oo+o|
[   48.978631] cloud-init[1065]: |      o ..o=Eo+oB|
[0;32m  OK  [0m] Listening on LXD - unix socket.
[   48.978934] cloud-init[1065]: |       =. ++++.+O|
[   49.096399] cloud-init[1065]: |       .So.* .++.|
[   49.125159] cloud-init[1065]: |        ..= +  . |
[   49.158490] cloud-init[1065]: |         . o     |
[[0;32m  OK  [0m] Reached target Sockets.
[[   49.161204] cloud-init[1065]: |                 |
[   49.240655] cloud-init[1065]: |                 |
[0;32m  OK  [0m] Reached target Basic System.
[   49.240831] cloud-init[1065]: +----[SHA256]-----+
[   49.341041] cloud-init[1065]: Generating public/private ecdsa key pair.
[   49.341844] cloud-init[1065]: Your identification has been saved in /etc/ssh/ssh_host_ecdsa_key.
[   49.342115] cloud-init[1065]: Your public key has been saved in /etc/ssh/ssh_host_ecdsa_key.pub.
[   49.342563] cloud-init[1065]: The key fingerprint is:
         Starting LSB: Record successful boot for GRUB...
[   49.342689] cloud-init[1065]: SHA256:MG6a9crC3+FemP5gX2zS60Y2fj3bT/L5kqSA7xMvHFc root@ubuntu-xenial
[[   49.600964] cloud-init[1065]: The key's randomart image is:
[   49.602020] cloud-init[1065]: +---[ECDSA 256]---+
[0;32m  OK  [0m] Started D-Bus System Message Bus.
[   49.602237] cloud-init[1065]: |                 |
[   49.687120] cloud-init[1065]: |                 |
[   49.705671] cloud-init[1065]: |      o          |
[   49.745862] cloud-init[1065]: |     . o      E  |
[   49.788624] [cloud-init[0;32m  OK  [0m[1065]: ] |      + S.   .   |Started Deferred execution scheduler.

[   49.789656] cloud-init[1065]: |     = ..o+o= .  |
[   49.889202] cloud-init[1065]: |   .o   BooX=+.o.|
[   49.889835] cloud-init[1065]: |    o. * ==+=.+=+|
         Starting LSB: MD monitoring daemon...
[   49.890158] cloud-init[1065]: |     o+.=o+=o. +X|
[   49.953499] cloud-init[1065]: +----[SHA256]-----+
[   49.954103] cloud-init[1065]: Generating public/private ed25519 key pair.
         Starting Accounts Service...
[   49.954599] cloud-init[1065]: Your identification has been saved in /etc/ssh/ssh_host_ed25519_key.
[   50.101224] [cloud-init[0;32m  OK  [0m[1065]: ] Your public key has been saved in /etc/ssh/ssh_host_ed25519_key.pub.Started FUSE filesystem for LXC.

[   50.102393] cloud-init[1065]: The key fingerprint is:
[   50.193547] cloud-init[1065]: SHA256:uTPeUuU1to6UHW1xqIVSURMOr9axIzaanUDJVkU2NKU root@ubuntu-xenial
[   50.194161] cloud-init[1065]: The key's randomart image is:
         Starting /etc/rc.local Compatibility...
[   50.194477] cloud-init[1065]: +--[ED25519 256]--+
[   50.297170] cloud-init[1065]: |           .=B@+.|
[   50.320012] cloud-init[1065]: |         ..o.=o*.|
[   50.321064] cloud-init[1065]: |          =. oE.o|
[[0;32m  OK  [0m] Started ACPI event daemon.
[   50.321374] cloud-init[1065]: |         +  oo=oo|
[   50.388355]          cloud-initStarting System Logging Service...[1065]: 
|        S .o*=+= |
[   50.463094] cloud-init[1065]: |         ..B++o. |
[   50.463786] cloud-init[1065]: |        +.o.oo   |
         Starting Pollinate to seed the pseudo random number generator...
[   50.464119] cloud-init[1065]: |       ..+  . .  |
[   50.737351]          cloud-initStarting LXD - container startup/shutdown...[1065]: 
|        ...      |
[   50.805737] cloud-init[1065]: +----[SHA256]-----+
[[0;32m  OK  [0m] Started Regular background program processing daemon.
         Starting Apply the settings specified in cloud-config...
         Starting Login Service...
[[0;32m  OK  [0m] Started Snappy daemon.
         Starting Auto import assertions from block devices...
[[0;32m  OK  [0m] Started System Logging Service.
[[0;32m  OK  [0m] Started iSCSI initiator daemon (iscsid).
[[0;32m  OK  [0m] Started /etc/rc.local Compatibility.
[[0;32m  OK  [0m] Started Auto import assertions from block devices.
         Starting Authenticate and Authorize Users to Run Privileged Tasks...
         Starting Login to default iSCSI targets...
[[0;32m  OK  [0m] Started Login Service.
[[0;32m  OK  [0m] Started LSB: Record successful boot for GRUB.
[[0;32m  OK  [0m] Started LSB: MD monitoring daemon.
[[0;32m  OK  [0m] Started Login to default iSCSI targets.
[[0;32m  OK  [0m] Reached target Remote File Systems (Pre).
[[0;32m  OK  [0m] Reached target Remote File Systems.
         Starting LSB: daemon to balance interrupts for SMP systems...
         Starting LSB: automatic crash report generation...
         Starting Permit User Sessions...
         Starting LSB: VirtualBox Linux Additions...
         Starting LSB: Set the CPU Frequency Scaling governor to "ondemand"...
[[0;32m  OK  [0m] Started Permit User Sessions.
         Starting Terminate Plymouth Boot Screen...
         Starting Hold until boot process finishes up...
[[0;32m  OK  [0m] Started LSB: Set the CPU Frequency Scaling governor to "ondemand".
[[0;32m  OK  [0m] Started Terminate Plymouth Boot Screen.
[[0;32m  OK  [0m] Started Hold until boot process finishes up.
[[0;32m  OK  [0m] Started Getty on tty1.
         Starting Set console scheme...
[[0;32m  OK  [0m] Started Serial Getty on ttyS0.
[[0;32m  OK  [0m] Reached target Login Prompts.
[[0;32m  OK  [0m] Started LSB: daemon to balance interrupts for SMP systems.
[[0;32m  OK  [0m] Started Authenticate and Authorize Users to Run Privileged Tasks.
[[0;32m  OK  [0m] Started LSB: automatic crash report generation.
[[0;32m  OK  [0m] Started Accounts Service.
[[0;32m  OK  [0m] Started Set console scheme.
[   55.533564] cloud-init[1210]: Generating locales (this might take a while)...
[[0;32m  OK  [0m] Started LSB: VirtualBox Linux Additions.

Ubuntu 16.04.2 LTS ubuntu-xenial ttyS0

ubuntu-xenial login: [   62.841041] cloud-init[1210]:   en_US.UTF-8... done
[   62.911899] cloud-init[1210]: Generation complete.
[   66.747490] cloud-init[1210]: Cloud-init v. 0.7.9 running 'modules:config' at Mon, 02 Oct 2017 15:23:08 +0000. Up 52.07 seconds.
ci-info: no authorized ssh keys fingerprints found for user ubuntu.
<14>Oct  2 15:23:26 ec2: 
<14>Oct  2 15:23:26 ec2: #############################################################
<14>Oct  2 15:23:26 ec2: -----BEGIN SSH HOST KEY FINGERPRINTS-----
<14>Oct  2 15:23:26 ec2: 1024 SHA256:cPJXMn1c4be1IOQviacdvCBVQQW0Vn39sdLmZSAJcTs root@ubuntu-xenial (DSA)
<14>Oct  2 15:23:26 ec2: 256 SHA256:MG6a9crC3+FemP5gX2zS60Y2fj3bT/L5kqSA7xMvHFc root@ubuntu-xenial (ECDSA)
<14>Oct  2 15:23:26 ec2: 256 SHA256:uTPeUuU1to6UHW1xqIVSURMOr9axIzaanUDJVkU2NKU root@ubuntu-xenial (ED25519)
<14>Oct  2 15:23:26 ec2: 2048 SHA256:E69ndEsTGZikNOT4v8Iq6/7ebGaehIVgIJEh1E5D9Lk root@ubuntu-xenial (RSA)
<14>Oct  2 15:23:26 ec2: -----END SSH HOST KEY FINGERPRINTS-----
<14>Oct  2 15:23:26 ec2: #############################################################
-----BEGIN SSH HOST KEY KEYS-----
ecdsa-sha2-nistp256 AAAAE2VjZHNhLXNoYTItbmlzdHAyNTYAAAAIbmlzdHAyNTYAAABBBJ9eAFX4KqnbNG80LI4qeBgsqn4Di+mtocAeIV0Ydiaa75MJBQ2HNx49LG0QmTKULcmTmCZhXSTmAZAjfWuVZEo= root@ubuntu-xenial
ssh-ed25519 AAAAC3NzaC1lZDI1NTE5AAAAIIffxCktfpJUIIfpXI5Uf4YCg9YhaQDMmd6qkAz7mQ+F root@ubuntu-xenial
ssh-rsa AAAAB3NzaC1yc2EAAAADAQABAAABAQCrgziKuQbXQvA8gCLWxaEOSwvf/c7QNJiiBAIJ3jz8h5K92zSMJMI35Dzh3Ti4bbQ/r7ByLEvkKh1cu/fzqN7fvnjlk/khCpLSLRmXn/za16n3Qv14P1o8iFonzGcocLo79Y/1aF363bohcWKhenfs1Kou47dGnbedECoyyefi0L9c+Ffhrzferp80i0kMQqCc4A2q0Zscp24dJeaK5ekjVP6PlbgclCm+6JTK0EQhxERJaRm7Sv+pdI7qfaXnT3Sen14LJhLU8x/U6x5SoB/BZnZJZdPpQ6fXpSbBgDflLgZQtuTYtJOH3pIIszDhAFiRVfR3l9ThcQJ1sZJoKPG7 root@ubuntu-xenial
-----END SSH HOST KEY KEYS-----
[   70.343796] cloud-init[1447]: Cloud-init v. 0.7.9 running 'modules:final' at Mon, 02 Oct 2017 15:23:25 +0000. Up 69.57 seconds.
[   70.344373] cloud-init[1447]: ci-info: no authorized ssh keys fingerprints found for user ubuntu.
[   70.344736] cloud-init[1447]: Cloud-init v. 0.7.9 finished at Mon, 02 Oct 2017 15:23:26 +0000. Datasource DataSourceNoCloud [seed=/dev/sdb][dsmode=net].  Up 70.31 seconds
